INFO Creating Directories
INFO None of the ROI options selected
INFO ROIs directory created successfully
DEBUG Running [gzip /Users/lilyito/Documents/Projects/PALS/PALS_validation/OUTPUTS_FS/subjF/Intermediate_Files/Original_Files/*.nii]
DEBUG Something went wrong.
ERROR File was not zipped.
DEBUG Running [gzip /Users/lilyito/Documents/Projects/PALS/PALS_validation/OUTPUTS_FS/subjC/Intermediate_Files/Original_Files/*.nii]
DEBUG Something went wrong.
ERROR File was not zipped.
INFO Gzip operation completed for all subjects
INFO Lesion file binarization initiated
DEBUG Running [fslmaths /Users/lilyito/Documents/Projects/PALS/PALS_validation/OUTPUTS_FS/subjF/Intermediate_Files/Original_Files/subjF_LesionSmooth.nii.gz -bin /Users/lilyito/Documents/Projects/PALS/PALS_validation/OUTPUTS_FS/subjF/Intermediate_Files/subjF_LesionSmooth1_bin.nii.gz;]
DEBUG Running [fslmaths /Users/lilyito/Documents/Projects/PALS/PALS_validation/OUTPUTS_FS/subjC/Intermediate_Files/Original_Files/subjCLesionSmooth.nii.gz -bin /Users/lilyito/Documents/Projects/PALS/PALS_validation/OUTPUTS_FS/subjC/Intermediate_Files/subjC_LesionSmooth1_bin.nii.gz;]
INFO Lesion files of all subjects binarized successfully
INFO Brain extraction has been initiated
DEBUG Running [bet /Users/lilyito/Documents/Projects/PALS/PALS_validation/OUTPUTS_FS/subjF/Intermediate_Files/Original_Files/subjF_T1.nii.gz /Users/lilyito/Documents/Projects/PALS/PALS_validation/OUTPUTS_FS/subjF/Intermediate_Files/subjF_Brain -R -f 0.5 -g 0;]
DEBUG Running [fsleyes render --hideCursor -of /Users/lilyito/Documents/Projects/PALS/PALS_validation/OUTPUTS_FS/QC_BrainExtractions/subjF_BET.png /Users/lilyito/Documents/Projects/PALS/PALS_validation/OUTPUTS_FS/subjF/Intermediate_Files/Original_Files/subjF_T1.nii.gz /Users/lilyito/Documents/Projects/PALS/PALS_validation/OUTPUTS_FS/subjF/Intermediate_Files/subjF_Brain.nii.gz -cm blue -a 50;]
DEBUG Running [bet /Users/lilyito/Documents/Projects/PALS/PALS_validation/OUTPUTS_FS/subjC/Intermediate_Files/Original_Files/subjC_T1.nii.gz /Users/lilyito/Documents/Projects/PALS/PALS_validation/OUTPUTS_FS/subjC/Intermediate_Files/subjC_Brain -R -f 0.5 -g 0;]
DEBUG Running [fsleyes render --hideCursor -of /Users/lilyito/Documents/Projects/PALS/PALS_validation/OUTPUTS_FS/QC_BrainExtractions/subjC_BET.png /Users/lilyito/Documents/Projects/PALS/PALS_validation/OUTPUTS_FS/subjC/Intermediate_Files/Original_Files/subjC_T1.nii.gz /Users/lilyito/Documents/Projects/PALS/PALS_validation/OUTPUTS_FS/subjC/Intermediate_Files/subjC_Brain.nii.gz -cm blue -a 50;]
INFO Brain extraction completed for all subjects
INFO Performing registration...
DEBUG Running [flirt -in /Users/lilyito/Documents/Projects/PALS/PALS_validation/OUTPUTS_FS/subjF/Intermediate_Files/subjF_Brain.nii.gz -ref /Users/lilyito/Documents/Projects/PALS/PALS/GUI/ROIs/MNI_FS_T1.nii.nii.gz -out /Users/lilyito/Documents/Projects/PALS/PALS_validation/OUTPUTS_FS/subjF/Intermediate_Files/subjF_Reg_brain_MNI152 -omat /Users/lilyito/Documents/Projects/PALS/PALS_validation/OUTPUTS_FS/subjF/Intermediate_Files/subjF_Reg_MNI152.mat -bins 256 -cost corratio -searchrx -90 90 -searchry -90 90 -searchrz -90 90 -dof 12  -interp trilinear;]
DEBUG Running [fsleyes render --hideCursor -of  /Users/lilyito/Documents/Projects/PALS/PALS_validation/OUTPUTS_FS/QC_Registrations/MNI152/subjF_Reg.png /Users/lilyito/Documents/Projects/PALS/PALS_validation/OUTPUTS_FS/subjF/Intermediate_Files/subjF_Reg_brain_MNI152.nii.gz ;]
DEBUG Updated num of max lesions : 1
INFO Registering lesion to template space...
DEBUG Running [flirt -in /Users/lilyito/Documents/Projects/PALS/PALS_validation/OUTPUTS_FS/subjF/Intermediate_Files/subjF_LesionSmooth1_bin.nii.gz -applyxfm -init /Users/lilyito/Documents/Projects/PALS/PALS_validation/OUTPUTS_FS/subjF/Intermediate_Files/subjF_Reg_MNI152.mat -out /Users/lilyito/Documents/Projects/PALS/PALS_validation/OUTPUTS_FS/subjF/Intermediate_Files/subjF_LesionSmooth1_bin_MNI152.nii.gz -paddingsize 0.0 -interp trilinear -ref /Users/lilyito/Documents/Projects/PALS/PALS_validation/OUTPUTS_FS/subjF/Intermediate_Files/subjF_Reg_brain_MNI152]
DEBUG Running [fslstats /Users/lilyito/Documents/Projects/PALS/PALS_validation/OUTPUTS_FS/subjF/Intermediate_Files/subjF_LesionSmooth1_bin.nii.gz -V]
DEBUG 79 79.000000 

DEBUG Running [fslmaths /Users/lilyito/Documents/Projects/PALS/PALS_validation/OUTPUTS_FS/subjF/Intermediate_Files/subjF_LesionSmooth1_bin_MNI152.nii.gz -bin /Users/lilyito/Documents/Projects/PALS/PALS_validation/OUTPUTS_FS/subjF/Intermediate_Files/subjF_LesionSmooth0_MNI152_bin.nii.gz;]
DEBUG Running [fslstats /Users/lilyito/Documents/Projects/PALS/PALS_validation/OUTPUTS_FS/subjF/Intermediate_Files/subjF_LesionSmooth0_MNI152_bin.nii.gz -C]
DEBUG 115.682796 130.091398 102.154122 

DEBUG Running [fslstats /Users/lilyito/Documents/Projects/PALS/PALS/GUI/ROIs/roi_L_CST.nii.gz -V]
DEBUG 2659 21272.000000 

DEBUG Running [fslmaths /Users/lilyito/Documents/Projects/PALS/PALS/GUI/ROIs/roi_L_CST.nii.gz -add /Users/lilyito/Documents/Projects/PALS/PALS_validation/OUTPUTS_FS/subjF/Intermediate_Files/subjF_LesionSmooth0_MNI152_bin.nii.gz /Users/lilyito/Documents/Projects/PALS/PALS_validation/OUTPUTS_FS/subjF/Intermediate_Files/subjF_combined_roi_L_CST_lesion0_MNI152.nii.gz;]
DEBUG Something went wrong.
DEBUG Running [fslmaths /Users/lilyito/Documents/Projects/PALS/PALS_validation/OUTPUTS_FS/subjF/Intermediate_Files/subjF_combined_roi_L_CST_lesion0_MNI152.nii.gz -thr 2 /Users/lilyito/Documents/Projects/PALS/PALS_validation/OUTPUTS_FS/subjF/Intermediate_Files/subjF_roi_L_CST_lesion0_overlap_MNI152.nii.gz;]
DEBUG Something went wrong.
DEBUG Running [fslstats /Users/lilyito/Documents/Projects/PALS/PALS_validation/OUTPUTS_FS/subjF/Intermediate_Files/subjF_roi_L_CST_lesion0_overlap_MNI152.nii.gz -V]
DEBUG Something went wrong.
